unexpected response: 1 NO Mailbox doesn't exist: Professional.Archives.Archive 2003.Cisco Systems.Customer Advocacy.Advanced Services.WW Technology Practices.EMEA Practices.SES Managers.Voice.People.Old (0.000 + 0.000 secs).
unexpected response: 1 NO Mailbox doesn't exist: Professional.Cisco Systems.Customer eXperience (Cisco Services).Transformation Office - Jose van Dijk (0.000 + 0.000 secs).
unexpected response: 
unexpected response: 1 NO Mailbox doesn't exist: Professional.Archives.Archive 2003.Cisco Systems.Customer Advocacy.Advanced Services.WW Technology Practices.EMEA Practices.SES Managers.Voice.People.Old (0.000 + 0.000 secs).
unexpected response: 1 NO Mailbox doesn't exist: Professional.Cisco Systems.Customer eXperience (Cisco Services).Transformation Office - Jose van Dijk (0.000 + 0.000 secs).
Caught a SIGINT signal, shutting down
unexpected response: 1 NO Mailbox doesn't exist: Professional.Archives.Archive 2003.Cisco Systems.Customer Advocacy.Advanced Services.WW Technology Practices.EMEA Practices.SES Managers.Voice.People.Old (0.000 + 0.000 secs).
unexpected response: 1 NO Mailbox doesn't exist: Professional.Cisco Systems.Customer eXperience (Cisco Services).Transformation Office - Jose van Dijk (0.000 + 0.000 secs).
unexpected response: 
unexpected response: 1 NO Mailbox doesn't exist: Professional.Archives.Archive 2003.Cisco Systems.Customer Advocacy.Advanced Services.WW Technology Practices.EMEA Practices.SES Managers.Voice.People.Old (0.000 + 0.000 secs).
unexpected response: 1 NO Mailbox doesn't exist: Professional.Cisco Systems.Customer eXperience (Cisco Services).Transformation Office - Jose van Dijk (0.000 + 0.000 secs).
unexpected response: 1 NO Mailbox doesn't exist: Professional.Archives.Archive 2003.Cisco Systems.Customer Advocacy.Advanced Services.WW Technology Practices.EMEA Practices.SES Managers.Voice.People.Old (0.000 + 0.000 secs).
unexpected response: 1 NO Mailbox doesn't exist: Professional.Cisco Systems.Customer eXperience (Cisco Services).Transformation Office - Jose van Dijk (0.000 + 0.000 secs).
unexpected response: 1 NO Mailbox doesn't exist: Professional.Archives.Archive 2003.Cisco Systems.Customer Advocacy.Advanced Services.WW Technology Practices.EMEA Practices.SES Managers.Voice.People.Old (0.000 + 0.000 secs).
unexpected response: 1 NO Mailbox doesn't exist: Professional.Cisco Systems.Customer eXperience (Cisco Services).Transformation Office - Jose van Dijk (0.000 + 0.000 secs).
unexpected response: 1 NO Mailbox doesn't exist: Professional.Archives.Archive 2003.Cisco Systems.Customer Advocacy.Advanced Services.WW Technology Practices.EMEA Practices.SES Managers.Voice.People.Old (0.000 + 0.000 secs).
Caught a SIGINT signal, shutting down
Caught a SIGINT signal, shutting down
unexpected response: 1 NO Mailbox doesn't exist: Professional.Archives.Archive 2003.Cisco Systems.Customer Advocacy.Advanced Services.WW Technology Practices.EMEA Practices.SES Managers.Voice.People.Old (0.000 + 0.000 secs).
unexpected response: 1 NO Mailbox doesn't exist: Professional.Cisco Systems.Customer eXperience (Cisco Services).Transformation Office - Jose van Dijk (0.000 + 0.000 secs).
unexpected response: 1 NO Mailbox doesn't exist: Professional.Archives.Archive 2003.Cisco Systems.Customer Advocacy.Advanced Services.WW Technology Practices.EMEA Practices.SES Managers.Voice.People.Old (0.000 + 0.000 secs).
unexpected response: 1 NO Mailbox doesn't exist: Professional.Archives.Archive 2003.Cisco Systems.Customer Advocacy.Advanced Services.WW Technology Practices.EMEA Practices.SES Managers.Voice.People.Old (0.000 + 0.000 secs).
unexpected response: 1 NO Mailbox doesn't exist: Professional.Archives.Archive 2003.Cisco Systems.Customer Advocacy.Advanced Services.WW Technology Practices.EMEA Practices.SES Managers.Voice.People.Old (0.000 + 0.000 secs).
unexpected response: 1 NO Mailbox doesn't exist: Professional.Archives.Archive 2003.Cisco Systems.Customer Advocacy.Advanced Services.WW Technology Practices.EMEA Practices.SES Managers.Voice.People.Old (0.000 + 0.000 secs).
unexpected response: 1 NO Mailbox doesn't exist: Professional.Cisco Systems.Customer eXperience (Cisco Services).Operations and Renewals (0.000 + 0.000 secs).
unexpected response: 1 NO Mailbox doesn't exist: Professional.Cisco Systems.Customer eXperience (Cisco Services).Operations and Renewals.Global Business Operations (0.000 + 0.000 secs).
unexpected response: 1 NO Mailbox doesn't exist: Professional.Cisco Systems.Customer eXperience (Cisco Services).Operations and Renewals.Global Business Operations.Budget Management Office.Sales Strategy.Business Development.Methodology & Process.Engagement Process.Commercial Offer (0.000 + 0.000 secs).
unexpected response: 1 NO Mailbox doesn't exist: Professional.Cisco Systems.Customer eXperience (Cisco Services).Operations and Renewals.Global Business Operations.Budget Management Office.Sales Strategy.Business Development.Methodology & Process.Engagement Process.Sales optimization - xxx (0.000 + 0.000 secs).
unexpected response: 1 NO Mailbox doesn't exist: Professional.Cisco Systems.Customer eXperience (Cisco Services).Operations and Renewals.Global Business Operations.Budget Management Office.Sales Strategy.Business Development.Methodology & Process.Services Collaboration Comittee (0.000 + 0.000 secs).
unexpected response: 1 NO Mailbox doesn't exist: Professional.Cisco Systems.Customer eXperience (Cisco Services).Operations and Renewals.Global Business Operations.Budget Management Office.The Program.Delivery Management Office.Genesis (0.000 + 0.000 secs).
unexpected response: 1 NO Mailbox doesn't exist: Professional.Cisco Systems.Customer eXperience (Cisco Services).Operations and Renewals.Global Business Operations.Global Planning and Transformation (0.000 + 0.000 secs).
unexpected response: 1 NO Mailbox doesn't exist: Professional.Cisco Systems.Customer eXperience (Cisco Services).Operations and Renewals.Global Business Operations.Global Planning and Transformation.Budget Management (0.000 + 0.000 secs).
unexpected response: 1 NO Mailbox doesn't exist: Professional.Cisco Systems.Customer eXperience (Cisco Services).Operations and Renewals.Global Business Operations.Global Planning and Transformation.Budget Management.Contracted Services (0.000 + 0.000 secs).
unexpected response: 1 NO Mailbox doesn't exist: Professional.Cisco Systems.Customer eXperience (Cisco Services).Operations and Renewals.Global Business Operations.Global Planning and Transformation.Budget Management.Financials (0.000 + 0.000 secs).
unexpected response: 1 NO Mailbox doesn't exist: Professional.Cisco Systems.Customer eXperience (Cisco Services).Operations and Renewals.Global Business Operations.Global Planning and Transformation.Budget Management.Financials.Cost (0.000 + 0.000 secs).
unexpected response: 1 NO Mailbox doesn't exist: Professional.Cisco Systems.Customer eXperience (Cisco Services).Operations and Renewals.Global Business Operations.Global Planning and Transformation.Budget Management.Financials.Cost.PCOGS (0.000 + 0.000 secs).
unexpected response: 1 NO Mailbox doesn't exist: Professional.Cisco Systems.Customer eXperience (Cisco Services).Operations and Renewals.Global Business Operations.Global Planning and Transformation.Budget Management.Financials.Cost.SCOGS (0.000 + 0.000 secs).
unexpected response: 1 NO Mailbox doesn't exist: Professional.Cisco Systems.Customer eXperience (Cisco Services).Operations and Renewals.Global Business Operations.Global Planning and Transformation.Budget Management.Financials.FY & Long Range Planning (0.000 + 0.000 secs).
unexpected response: 1 NO Mailbox doesn't exist: Professional.Cisco Systems.Customer eXperience (Cisco Services).Operations and Renewals.Global Business Operations.Global Planning and Transformation.Budget Management.Financials.FY & Long Range Planning.FY12 planning (0.000 + 0.000 secs).
unexpected response: 1 NO Mailbox doesn't exist: Professional.Cisco Systems.Customer eXperience (Cisco Services).Operations and Renewals.Global Business Operations.Global Planning and Transformation.Budget Management.Financials.FY & Long Range Planning.FY12 planning.EMEA integration (0.000 + 0.000 secs).
unexpected response: 1 NO Mailbox doesn't exist: Professional.Cisco Systems.Customer eXperience (Cisco Services).Operations and Renewals.Global Business Operations.Global Planning and Transformation.Budget Management.Financials.FY & Long Range Planning.FY12 planning.Ent - SP split (0.000 + 0.000 secs).
unexpected response: 1 NO Mailbox doesn't exist: Professional.Cisco Systems.Customer eXperience (Cisco Services).Operations and Renewals.Global Business Operations.Global Planning and Transformation.Budget Management.Financials.FY & Long Range Planning.FY14 planning (0.000 + 0.000 secs).
unexpected response: 1 NO Mailbox doesn't exist: Professional.Cisco Systems.Customer eXperience (Cisco Services).Operations and Renewals.Global Business Operations.Global Planning and Transformation.Budget Management.Financials.FY & Long Range Planning.FY15 planning (0.000 + 0.000 secs).
unexpected response: 1 NO Mailbox doesn't exist: Professional.Cisco Systems.Customer eXperience (Cisco Services).Operations and Renewals.Global Business Operations.Global Planning and Transformation.Budget Management.Financials.FY & Long Range Planning.FY16 planning (0.000 + 0.000 secs).
unexpected response: 1 NO Mailbox doesn't exist: Professional.Cisco Systems.Customer eXperience (Cisco Services).Operations and Renewals.Global Business Operations.Global Planning and Transformation.Budget Management.Financials.FY & Long Range Planning.FY16 planning.FY16 LRSP (0.000 + 0.000 secs).
unexpected response: 1 NO Mailbox doesn't exist: Professional.Cisco Systems.Customer eXperience (Cisco Services).Operations and Renewals.Global Business Operations.Global Planning and Transformation.Budget Management.Financials.FY & Long Range Planning.FY16 planning.GMV (0.000 + 0.000 secs).
unexpected response: 1 NO Mailbox doesn't exist: Professional.Cisco Systems.Customer eXperience (Cisco Services).Operations and Renewals.Global Business Operations.Global Planning and Transformation.Budget Management.Financials.FY & Long Range Planning.FY17 planning (0.000 + 0.000 secs).
unexpected response: 1 NO Mailbox doesn't exist: Professional.Cisco Systems.Customer eXperience (Cisco Services).Operations and Renewals.Global Business Operations.Global Planning and Transformation.Budget Management.Financials.FY & Long Range Planning.FY18 planning (0.000 + 0.000 secs).
unexpected response: 1 NO Mailbox doesn't exist: Professional.Cisco Systems.Customer eXperience (Cisco Services).Operations and Renewals.Global Business Operations.Global Planning and Transformation.Budget Management.Financials.FY & Long Range Planning.FY19 planning (0.000 + 0.000 secs).
unexpected response: 1 NO Mailbox doesn't exist: Professional.Cisco Systems.Customer eXperience (Cisco Services).Operations and Renewals.Global Business Operations.Global Planning and Transformation.Budget Management.Financials.Forecasting (0.000 + 0.000 secs).
unexpected response: 1 NO Mailbox doesn't exist: Professional.Cisco Systems.Customer eXperience (Cisco Services).Operations and Renewals.Global Business Operations.Global Planning and Transformation.Budget Management.Financials.Revenue (0.000 + 0.000 secs).
unexpected response: 1 NO Mailbox doesn't exist: Professional.Cisco Systems.Customer eXperience (Cisco Services).Operations and Renewals.Global Business Operations.Global Planning and Transformation.Budget Management.Financials.Revenue.BNI (0.000 + 0.000 secs).
unexpected response: 1 NO Mailbox doesn't exist: Professional.Cisco Systems.Customer eXperience (Cisco Services).Operations and Renewals.Global Business Operations.Global Planning and Transformation.Budget Management.Headcounts - Requisitions - Contracted Services (0.000 + 0.000 secs).
unexpected response: 1 NO Mailbox doesn't exist: Professional.Cisco Systems.Customer eXperience (Cisco Services).Operations and Renewals.Global Business Operations.Global Planning and Transformation.Budget Management.Headcounts - Requisitions - Contracted Services.Asks (0.000 + 0.000 secs).
unexpected response: 1 NO Mailbox doesn't exist: Professional.Cisco Systems.Customer eXperience (Cisco Services).Operations and Renewals.Global Business Operations.Global Planning and Transformation.Budget Management.Headcounts - Requisitions - Contracted Services.Asks.APJC (0.000 + 0.000 secs).
unexpected response: 1 NO Mailbox doesn't exist: Professional.Cisco Systems.Customer eXperience (Cisco Services).Operations and Renewals.Global Business Operations.Global Planning and Transformation.Budget Management.Headcounts - Requisitions - Contracted Services.Asks.Americas (0.000 + 0.000 secs).
unexpected response: 1 NO Mailbox doesn't exist: Professional.Cisco Systems.Customer eXperience (Cisco Services).Operations and Renewals.Global Business Operations.Global Planning and Transformation.Budget Management.Headcounts - Requisitions - Contracted Services.Asks.Americas.Enterprise (0.000 + 0.000 secs).
unexpected response: 1 NO Mailbox doesn't exist: Professional.Cisco Systems.Customer eXperience (Cisco Services).Operations and Renewals.Global Business Operations.Global Planning and Transformation.Budget Management.Headcounts - Requisitions - Contracted Services.Asks.Americas.PS (0.000 + 0.000 secs).
unexpected response: 1 NO Mailbox doesn't exist: Professional.Cisco Systems.Customer eXperience (Cisco Services).Operations and Renewals.Global Business Operations.Global Planning and Transformation.Budget Management.Headcounts - Requisitions - Contracted Services.Asks.Americas.SP (0.000 + 0.000 secs).
unexpected response: 1 NO Mailbox doesn't exist: Professional.Cisco Systems.Customer eXperience (Cisco Services).Operations and Renewals.Global Business Operations.Global Planning and Transformation.Budget Management.Headcounts - Requisitions - Contracted Services.Asks.Archives (0.001 + 0.000 secs).
unexpected response: 1 NO Mailbox doesn't exist: Professional.Cisco Systems.Customer eXperience (Cisco Services).Operations and Renewals.Global Business Operations.Global Planning and Transformation.Budget Management.Headcounts - Requisitions - Contracted Services.Asks.Archives.CNS (0.000 + 0.000 secs).
unexpected response: 1 NO Mailbox doesn't exist: Professional.Cisco Systems.Customer eXperience (Cisco Services).Operations and Renewals.Global Business Operations.Global Planning and Transformation.Budget Management.Headcounts - Requisitions - Contracted Services.Asks.Archives.ET&I (0.000 + 0.000 secs).
unexpected response: 1 NO Mailbox doesn't exist: Professional.Cisco Systems.Customer eXperience (Cisco Services).Operations and Renewals.Global Business Operations.Global Planning and Transformation.Budget Management.Headcounts - Requisitions - Contracted Services.Asks.Archives.GPMO (0.000 + 0.000 secs).
unexpected response: 1 NO Mailbox doesn't exist: Professional.Cisco Systems.Customer eXperience (Cisco Services).Operations and Renewals.Global Business Operations.Global Planning and Transformation.Budget Management.Headcounts - Requisitions - Contracted Services.Asks.Archives.GSP (0.000 + 0.000 secs).
unexpected response: 1 NO Mailbox doesn't exist: Professional.Cisco Systems.Customer eXperience (Cisco Services).Operations and Renewals.Global Business Operations.Global Planning and Transformation.Budget Management.Headcounts - Requisitions - Contracted Services.Asks.Archives.SICS (0.000 + 0.000 secs).
unexpected response: 1 NO Mailbox doesn't exist: Professional.Cisco Systems.Customer eXperience (Cisco Services).Operations and Renewals.Global Business Operations.Global Planning and Transformation.Budget Management.Headcounts - Requisitions - Contracted Services.Asks.EMEAR (0.000 + 0.000 secs).
unexpected response: 1 NO Mailbox doesn't exist: Professional.Cisco Systems.Customer eXperience (Cisco Services).Operations and Renewals.Global Business Operations.Global Planning and Transformation.Budget Management.Headcounts - Requisitions - Contracted Services.Asks.Global CX Centers (0.000 + 0.000 secs).
unexpected response: 1 NO Mailbox doesn't exist: Professional.Cisco Systems.Customer eXperience (Cisco Services).Operations and Renewals.Global Business Operations.Global Planning and Transformation.Budget Management.Headcounts - Requisitions - Contracted Services.Asks.Global CX Centers.ADC (0.000 + 0.000 secs).
unexpected response: 1 NO Mailbox doesn't exist: Professional.Cisco Systems.Customer eXperience (Cisco Services).Operations and Renewals.Global Business Operations.Global Planning and Transformation.Budget Management.Headcounts - Requisitions - Contracted Services.Asks.OVH (0.000 + 0.000 secs).
unexpected response: 1 NO Mailbox doesn't exist: Professional.Cisco Systems.Customer eXperience (Cisco Services).Operations and Renewals.Global Business Operations.Global Planning and Transformation.Budget Management.Headcounts - Requisitions - Contracted Services.HiringSpace approvals (0.000 + 0.000 secs).
unexpected response: 1 NO Mailbox doesn't exist: Professional.Cisco Systems.Customer eXperience (Cisco Services).Operations and Renewals.Global Business Operations.Global Planning and Transformation.Budget Management.Headcounts - Requisitions - Contracted Services.Process (0.000 + 0.000 secs).
unexpected response: 1 NO Mailbox doesn't exist: Professional.Cisco Systems.Customer eXperience (Cisco Services).Operations and Renewals.Global Business Operations.Global Planning and Transformation.Budget Management.Headcounts - Requisitions - Contracted Services.Process.Contracted Services Process (0.000 + 0.000 secs).
unexpected response: 1 NO Mailbox doesn't exist: Professional.Cisco Systems.Customer eXperience (Cisco Services).Operations and Renewals.Global Business Operations.Global Planning and Transformation.Budget Management.Headcounts - Requisitions - Contracted Services.Process.Requisitions Process (0.000 + 0.000 secs).
unexpected response: 1 NO Mailbox doesn't exist: Professional.Cisco Systems.Customer eXperience (Cisco Services).Operations and Renewals.Global Business Operations.Global Planning and Transformation.Budget Management.Headcounts - Requisitions - Contracted Services.Reports (0.000 + 0.000 secs).
unexpected response: 1 NO Mailbox doesn't exist: Professional.Cisco Systems.Customer eXperience (Cisco Services).Operations and Renewals.Global Business Operations.Global Planning and Transformation.Budget Management.Interlock (0.000 + 0.000 secs).
unexpected response: 1 NO Mailbox doesn't exist: Professional.Cisco Systems.Customer eXperience (Cisco Services).Operations and Renewals.Global Business Operations.Global Planning and Transformation.Budget Management.Interlock.Interlock v2 (0.000 + 0.000 secs).
unexpected response: 1 NO Mailbox doesn't exist: Professional.Cisco Systems.Customer eXperience (Cisco Services).Operations and Renewals.Global Business Operations.Global Planning and Transformation.Budget Management.Interlock.Monthly Budget (0.000 + 0.000 secs).
unexpected response: 1 NO Mailbox doesn't exist: Professional.Cisco Systems.Customer eXperience (Cisco Services).Operations and Renewals.Global Business Operations.Global Planning and Transformation.Budget Management.Interlock.Monthly Budget.Feb'17 interlock (0.000 + 0.000 secs).
unexpected response: 1 NO Mailbox doesn't exist: Professional.Cisco Systems.Customer eXperience (Cisco Services).Operations and Renewals.Global Business Operations.Global Planning and Transformation.Budget Management.Interlock.Monthly Budget.Feb'18 interlock (0.000 + 0.000 secs).
unexpected response: 1 NO Mailbox doesn't exist: Professional.Cisco Systems.Customer eXperience (Cisco Services).Operations and Renewals.Global Business Operations.Global Planning and Transformation.Budget Management.Interlock.Monthly Budget.Jun'17 interlock (0.000 + 0.000 secs).
unexpected response: 1 NO Mailbox doesn't exist: Professional.Cisco Systems.Customer eXperience (Cisco Services).Operations and Renewals.Global Business Operations.Global Planning and Transformation.Budget Management.Interlock.Monthly Budget.Mar'17 interlock (0.000 + 0.000 secs).
unexpected response: 1 NO Mailbox doesn't exist: Professional.Cisco Systems.Customer eXperience (Cisco Services).Operations and Renewals.Global Business Operations.Global Planning and Transformation.Budget Management.Interlock.Monthly Budget.Mar'18 interlock (0.000 + 0.000 secs).
unexpected response: 1 NO Mailbox doesn't exist: Professional.Cisco Systems.Customer eXperience (Cisco Services).Operations and Renewals.Global Business Operations.Global Planning and Transformation.Budget Management.Interlock.Monthly Budget.May'17 interlock (0.000 + 0.000 secs).
unexpected response: 1 NO Mailbox doesn't exist: Professional.Cisco Systems.Customer eXperience (Cisco Services).Operations and Renewals.Global Business Operations.Global Planning and Transformation.Budget Management.Interlock.Quarterly Interlock (0.000 + 0.000 secs).
unexpected response: 1 NO Mailbox doesn't exist: Professional.Cisco Systems.Customer eXperience (Cisco Services).Operations and Renewals.Global Business Operations.Global Planning and Transformation.Budget Management.Interlock.Quarterly Interlock.Q1'18 interlock (0.000 + 0.000 secs).
unexpected response: 1 NO Mailbox doesn't exist: Professional.Cisco Systems.Customer eXperience (Cisco Services).Operations and Renewals.Global Business Operations.Global Planning and Transformation.Budget Management.Interlock.Quarterly Interlock.Q3'17 interlock (0.000 + 0.000 secs).
unexpected response: 1 NO Mailbox doesn't exist: Professional.Cisco Systems.Customer eXperience (Cisco Services).Operations and Renewals.Global Business Operations.Global Planning and Transformation.Budget Management.Interlock.Quarterly Interlock.Q4'17 Interlock (0.000 + 0.000 secs).
unexpected response: 1 NO Mailbox doesn't exist: Professional.Cisco Systems.Customer eXperience (Cisco Services).Operations and Renewals.Global Business Operations.Global Planning and Transformation.Budget Management.Interlock.Quarterly Interlock.Q4'18 Interlock (0.000 + 0.000 secs).
unexpected response: 1 NO Mailbox doesn't exist: Professional.Cisco Systems.Customer eXperience (Cisco Services).Operations and Renewals.Global Business Operations.Global Planning and Transformation.Budget Management.Interlock.Steering Committee (0.000 + 0.000 secs).
unexpected response: 1 NO Mailbox doesn't exist: Professional.Cisco Systems.Customer eXperience (Cisco Services).Operations and Renewals.Global Business Operations.Global Planning and Transformation.Budget Management.Oracle Projects (0.000 + 0.000 secs).
unexpected response: 1 NO Mailbox doesn't exist: Professional.Cisco Systems.Customer eXperience (Cisco Services).Operations and Renewals.Global Business Operations.Global Planning and Transformation.Budget Management.Oracle Projects.Consumption (0.000 + 0.000 secs).
unexpected response: 1 NO Mailbox doesn't exist: Professional.Cisco Systems.Customer eXperience (Cisco Services).Operations and Renewals.Global Business Operations.Global Planning and Transformation.Budget Management.Oracle Projects.Project Green (0.000 + 0.000 secs).
unexpected response: 1 NO Mailbox doesn't exist: Professional.Cisco Systems.Customer eXperience (Cisco Services).Operations and Renewals.Global Business Operations.Global Planning and Transformation.Budget Management.Oracle Projects.Rates (0.000 + 0.000 secs).
unexpected response: 1 NO Mailbox doesn't exist: Professional.Cisco Systems.Customer eXperience (Cisco Services).Operations and Renewals.Global Business Operations.Global Planning and Transformation.Budget Management.Oracle Projects.Rates.FY'13 rates (0.000 + 0.000 secs).
unexpected response: 1 NO Mailbox doesn't exist: Professional.Cisco Systems.Customer eXperience (Cisco Services).Operations and Renewals.Global Business Operations.Global Planning and Transformation.Budget Management.Oracle Projects.Rates.FY'14 rates (0.000 + 0.000 secs).
unexpected response: 1 NO Mailbox doesn't exist: Professional.Cisco Systems.Customer eXperience (Cisco Services).Operations and Renewals.Global Business Operations.Global Planning and Transformation.Budget Management.Oracle Projects.Rates.FY'15 rates (0.000 + 0.000 secs).
unexpected response: 1 NO Mailbox doesn't exist: Professional.Cisco Systems.Customer eXperience (Cisco Services).Operations and Renewals.Global Business Operations.Global Planning and Transformation.Budget Management.Oracle Projects.Rates.FY'16 rates (0.000 + 0.000 secs).
unexpected response: 1 NO Mailbox doesn't exist: Professional.Cisco Systems.Customer eXperience (Cisco Services).Operations and Renewals.Global Business Operations.Global Planning and Transformation.Budget Management.Oracle Projects.Rates.FY'17 rates (0.000 + 0.000 secs).
unexpected response: 1 NO Mailbox doesn't exist: Professional.Cisco Systems.Customer eXperience (Cisco Services).Operations and Renewals.Global Business Operations.Global Planning and Transformation.Budget Management.Oracle Projects.Rates.FY'18 rates (0.000 + 0.000 secs).
unexpected response: 1 NO Mailbox doesn't exist: Professional.Cisco Systems.Customer eXperience (Cisco Services).Operations and Renewals.Global Business Operations.Global Planning and Transformation.Budget Management.Oracle Projects.Rates.FY'19 rates (0.000 + 0.000 secs).
unexpected response: 1 NO Mailbox doesn't exist: Professional.Cisco Systems.Customer eXperience (Cisco Services).Operations and Renewals.Global Business Operations.Global Planning and Transformation.Budget Management.Oracle Projects.T&E (0.000 + 0.000 secs).
unexpected response: 1 NO Mailbox doesn't exist: Professional.Cisco Systems.Customer eXperience (Cisco Services).Operations and Renewals.Global Business Operations.Global Planning and Transformation.Budget Management.Oracle Projects.Value selling (0.000 + 0.000 secs).
unexpected response: 1 NO Mailbox doesn't exist: Professional.Cisco Systems.Customer eXperience (Cisco Services).Operations and Renewals.Global Business Operations.Global Planning and Transformation.Budget Management.Resource Alignment (0.000 + 0.000 secs).
unexpected response: 1 NO Mailbox doesn't exist: Professional.Cisco Systems.Customer eXperience (Cisco Services).Operations and Renewals.Global Business Operations.Global Planning and Transformation.Budget Management.Sales Strategy (0.000 + 0.000 secs).
unexpected response: 1 NO Mailbox doesn't exist: Professional.Cisco Systems.Customer eXperience (Cisco Services).Operations and Renewals.Global Business Operations.Global Planning and Transformation.Budget Management.Sales Strategy.Business Development (0.000 + 0.000 secs).
unexpected response: 1 NO Mailbox doesn't exist: Professional.Cisco Systems.Customer eXperience (Cisco Services).Operations and Renewals.Global Business Operations.Global Planning and Transformation.Budget Management.Sales Strategy.Business Development.Governance (0.000 + 0.000 secs).
unexpected response: 1 NO Mailbox doesn't exist: Professional.Cisco Systems.Customer eXperience (Cisco Services).Operations and Renewals.Global Business Operations.Global Planning and Transformation.Budget Management.Sales Strategy.Business Development.Governance.Affordability (0.000 + 0.000 secs).
unexpected response: 1 NO Mailbox doesn't exist: Professional.Cisco Systems.Customer eXperience (Cisco Services).Operations and Renewals.Global Business Operations.Global Planning and Transformation.Budget Management.Sales Strategy.Business Development.Methodology & Process (0.000 + 0.000 secs).
unexpected response: 1 NO Mailbox doesn't exist: Professional.Cisco Systems.Customer eXperience (Cisco Services).Operations and Renewals.Global Business Operations.Global Planning and Transformation.Budget Management.Sales Strategy.Business Development.Methodology & Process.AS-T Tracker (0.000 + 0.000 secs).
unexpected response: 1 NO Mailbox doesn't exist: Professional.Cisco Systems.Customer eXperience (Cisco Services).Operations and Renewals.Global Business Operations.Global Planning and Transformation.Budget Management.Sales Strategy.Business Development.Methodology & Process.AScend (0.000 + 0.000 secs).
unexpected response: 1 NO Mailbox doesn't exist: Professional.Cisco Systems.Customer eXperience (Cisco Services).Operations and Renewals.Global Business Operations.Global Planning and Transformation.Budget Management.Sales Strategy.Business Development.Methodology & Process.ASis (0.000 + 0.000 secs).
unexpected response: 1 NO Mailbox doesn't exist: Professional.Cisco Systems.Customer eXperience (Cisco Services).Operations and Renewals.Global Business Operations.Global Planning and Transformation.Budget Management.Sales Strategy.Business Development.Methodology & Process.ASopt (0.000 + 0.000 secs).
unexpected response: 1 NO Mailbox doesn't exist: Professional.Cisco Systems.Customer eXperience (Cisco Services).Operations and Renewals.Global Business Operations.Global Planning and Transformation.Budget Management.Sales Strategy.Business Development.Methodology & Process.Engagement Process (0.000 + 0.000 secs).
unexpected response: 1 NO Mailbox doesn't exist: Professional.Cisco Systems.Customer eXperience (Cisco Services).Operations and Renewals.Global Business Operations.Global Planning and Transformation.Budget Management.Sales Strategy.Market Segmentation (0.000 + 0.000 secs).
unexpected response: 1 NO Mailbox doesn't exist: Professional.Cisco Systems.Customer eXperience (Cisco Services).Operations and Renewals.Global Business Operations.Global Planning and Transformation.Budget Management.Sales Strategy.Presales Investments (0.000 + 0.000 secs).
unexpected response: 1 NO Mailbox doesn't exist: Professional.Cisco Systems.Customer eXperience (Cisco Services).Operations and Renewals.Global Business Operations.Global Planning and Transformation.Budget Management.The Program (0.000 + 0.000 secs).
unexpected response: 1 NO Mailbox doesn't exist: Professional.Cisco Systems.Customer eXperience (Cisco Services).Operations and Renewals.Global Business Operations.Global Planning and Transformation.Budget Management.The Program.Communication and Jive Page (0.000 + 0.000 secs).
unexpected response: 1 NO Mailbox doesn't exist: Professional.Cisco Systems.Customer eXperience (Cisco Services).Operations and Renewals.Global Business Operations.Global Planning and Transformation.Budget Management.The Program.Delivery Management Office (0.000 + 0.000 secs).
unexpected response: 1 NO Mailbox doesn't exist: Professional.Cisco Systems.Customer eXperience (Cisco Services).Operations and Renewals.Global Business Operations.Global Planning and Transformation.Budget Management.The Program.Excellence (0.000 + 0.000 secs).
unexpected response: 1 NO Mailbox doesn't exist: Professional.Cisco Systems.Customer eXperience (Cisco Services).Operations and Renewals.Global Business Operations.Global Planning and Transformation.Budget Management.The Program.Excellence.CAP and escalations (0.000 + 0.000 secs).
unexpected response: 1 NO Mailbox doesn't exist: Professional.Cisco Systems.Customer eXperience (Cisco Services).Operations and Renewals.Global Business Operations.Global Planning and Transformation.Budget Management.The Program.Excellence.Colouring the picture (0.000 + 0.000 secs).
unexpected response: 1 NO Mailbox doesn't exist: Professional.Cisco Systems.Customer eXperience (Cisco Services).Operations and Renewals.Global Business Operations.Global Planning and Transformation.Budget Management.The Program.Excellence.Governance (0.000 + 0.000 secs).
unexpected response: 1 NO Mailbox doesn't exist: Professional.Cisco Systems.Customer eXperience (Cisco Services).Operations and Renewals.Global Business Operations.Global Planning and Transformation.Budget Management.The Program.Excellence.Metrics - KPI (0.000 + 0.000 secs).
unexpected response: 1 NO Mailbox doesn't exist: Professional.Cisco Systems.Customer eXperience (Cisco Services).Operations and Renewals.Global Business Operations.Global Planning and Transformation.Budget Management.The Program.GDC partnership (0.000 + 0.000 secs).
unexpected response: 1 NO Mailbox doesn't exist: Professional.Cisco Systems.Customer eXperience (Cisco Services).Operations and Renewals.Global Business Operations.Global Planning and Transformation.Budget Management.The Program.Genesis (0.000 + 0.000 secs).
unexpected response: 1 NO Mailbox doesn't exist: Professional.Cisco Systems.Customer eXperience (Cisco Services).Operations and Renewals.Global Business Operations.Global Planning and Transformation.Budget Management.The Program.Proposal (0.000 + 0.000 secs).
unexpected response: 1 NO Mailbox doesn't exist: Professional.Cisco Systems.Customer eXperience (Cisco Services).Operations and Renewals.Global Business Operations.Global Planning and Transformation.Team Stuff (0.000 + 0.000 secs).
unexpected response: 1 NO Mailbox doesn't exist: Professional.Cisco Systems.Customer eXperience (Cisco Services).Operations and Renewals.Global Business Operations.Product Management & Portfolio (0.000 + 0.000 secs).
unexpected response: 1 NO Mailbox doesn't exist: Professional.Cisco Systems.Customer eXperience (Cisco Services).Operations and Renewals.Global Business Operations.Product Management & Portfolio.2Tier (0.000 + 0.000 secs).
unexpected response: 1 NO Mailbox doesn't exist: Professional.Cisco Systems.Customer eXperience (Cisco Services).Operations and Renewals.Global Business Operations.Product Management & Portfolio.3rd party support (0.000 + 0.000 secs).
unexpected response: 1 NO Mailbox doesn't exist: Professional.Cisco Systems.Customer eXperience (Cisco Services).Operations and Renewals.Global Business Operations.Product Management & Portfolio.ARchitectural Transactional Service -ARTS- (0.000 + 0.000 secs).
unexpected response: 1 NO Mailbox doesn't exist: Professional.Cisco Systems.Customer eXperience (Cisco Services).Operations and Renewals.Global Business Operations.Product Management & Portfolio.AS 5_0 - AS-S - Subscription (0.000 + 0.000 secs).
unexpected response: 1 NO Mailbox doesn't exist: Professional.Cisco Systems.Customer eXperience (Cisco Services).Operations and Renewals.Global Business Operations.Product Management & Portfolio.AS Configurable (0.000 + 0.000 secs).
unexpected response: 1 NO Mailbox doesn't exist: Professional.Cisco Systems.Customer eXperience (Cisco Services).Operations and Renewals.Global Business Operations.Product Management & Portfolio.AS Fixed (0.000 + 0.000 secs).
unexpected response: 1 NO Mailbox doesn't exist: Professional.Cisco Systems.Customer eXperience (Cisco Services).Operations and Renewals.Global Business Operations.Product Management & Portfolio.AS Video - Scientific Atlanta (0.000 + 0.000 secs).
unexpected response: 1 NO Mailbox doesn't exist: Professional.Cisco Systems.Customer eXperience (Cisco Services).Operations and Renewals.Global Business Operations.Product Management & Portfolio.ASk the PM (0.000 + 0.000 secs).
unexpected response: 1 NO Mailbox doesn't exist: Professional.Cisco Systems.Customer eXperience (Cisco Services).Operations and Renewals.Global Business Operations.Product Management & Portfolio.ASpect (0.000 + 0.000 secs).
unexpected response: 1 NO Mailbox doesn't exist: Professional.Cisco Systems.Customer eXperience (Cisco Services).Operations and Renewals.Global Business Operations.Product Management & Portfolio.Axioss (0.000 + 0.000 secs).
unexpected response: 1 NO Mailbox doesn't exist: Professional.Cisco Systems.Customer eXperience (Cisco Services).Operations and Renewals.Global Business Operations.Product Management & Portfolio.Broadhop (0.000 + 0.000 secs).
unexpected response: 1 NO Mailbox doesn't exist: Professional.Cisco Systems.Customer eXperience (Cisco Services).Operations and Renewals.Global Business Operations.Product Management & Portfolio.Business Critical Services (0.000 + 0.000 secs).
unexpected response: 1 NO Mailbox doesn't exist: Professional.Cisco Systems.Customer eXperience (Cisco Services).Operations and Renewals.Global Business Operations.Product Management & Portfolio.Collaboration Services (0.000 + 0.000 secs).
unexpected response: 1 NO Mailbox doesn't exist: Professional.Cisco Systems.Customer eXperience (Cisco Services).Operations and Renewals.Global Business Operations.Product Management & Portfolio.Combined Day 2 - Operate Outcomes (0.000 + 0.000 secs).
unexpected response: 1 NO Mailbox doesn't exist: Professional.Cisco Systems.Customer eXperience (Cisco Services).Operations and Renewals.Global Business Operations.Product Management & Portfolio.Combined Services (0.000 + 0.000 secs).
unexpected response: 1 NO Mailbox doesn't exist: Professional.Cisco Systems.Customer eXperience (Cisco Services).Operations and Renewals.Global Business Operations.Product Management & Portfolio.Combined Services.Smart Operate (0.000 + 0.000 secs).
unexpected response: 1 NO Mailbox doesn't exist: Professional.Cisco Systems.Customer eXperience (Cisco Services).Operations and Renewals.Global Business Operations.Product Management & Portfolio.EnergyWise (JouleX) (0.000 + 0.000 secs).
unexpected response: 1 NO Mailbox doesn't exist: Professional.Cisco Systems.Customer eXperience (Cisco Services).Operations and Renewals.Global Business Operations.Product Management & Portfolio.Escape Velocity (0.000 + 0.000 secs).
unexpected response: 1 NO Mailbox doesn't exist: Professional.Cisco Systems.Customer eXperience (Cisco Services).Operations and Renewals.Global Business Operations.Product Management & Portfolio.FTS (0.000 + 0.000 secs).
unexpected response: 1 NO Mailbox doesn't exist: Professional.Cisco Systems.Customer eXperience (Cisco Services).Operations and Renewals.Global Business Operations.Product Management & Portfolio.Heartbeat - New Product Introduction (0.000 + 0.000 secs).
unexpected response: 1 NO Mailbox doesn't exist: Professional.Cisco Systems.Customer eXperience (Cisco Services).Operations and Renewals.Global Business Operations.Product Management & Portfolio.IC Nuggets (0.000 + 0.000 secs).
unexpected response: 1 NO Mailbox doesn't exist: Professional.Cisco Systems.Customer eXperience (Cisco Services).Operations and Renewals.Global Business Operations.Product Management & Portfolio.IronPort (0.000 + 0.000 secs).
unexpected response: 1 NO Mailbox doesn't exist: Professional.Cisco Systems.Customer eXperience (Cisco Services).Operations and Renewals.Global Business Operations.Product Management & Portfolio.LCA (0.001 + 0.000 secs).
unexpected response: 1 NO Mailbox doesn't exist: Professional.Cisco Systems.Customer eXperience (Cisco Services).Operations and Renewals.Global Business Operations.Product Management & Portfolio.Modular Simplified Portfolio (0.000 + 0.000 secs).
unexpected response: 1 NO Mailbox doesn't exist: Professional.Cisco Systems.Customer eXperience (Cisco Services).Operations and Renewals.Global Business Operations.Product Management & Portfolio.NDS (0.000 + 0.000 secs).
unexpected response: 1 NO Mailbox doesn't exist: Professional.Cisco Systems.Customer eXperience (Cisco Services).Operations and Renewals.Global Business Operations.Product Management & Portfolio.NewScale (0.000 + 0.000 secs).
unexpected response: 1 NO Mailbox doesn't exist: Professional.Cisco Systems.Customer eXperience (Cisco Services).Operations and Renewals.Global Business Operations.Product Management & Portfolio.Outcome Based (0.000 + 0.000 secs).
unexpected response: 1 NO Mailbox doesn't exist: Professional.Cisco Systems.Customer eXperience (Cisco Services).Operations and Renewals.Global Business Operations.Product Management & Portfolio.Portcullis (0.000 + 0.000 secs).
unexpected response: 1 NO Mailbox doesn't exist: Professional.Cisco Systems.Customer eXperience (Cisco Services).Operations and Renewals.Global Business Operations.Product Management & Portfolio.ServiceGrid (0.000 + 0.000 secs).
unexpected response: 1 NO Mailbox doesn't exist: Professional.Cisco Systems.Customer eXperience (Cisco Services).Operations and Renewals.Global Business Operations.Product Management & Portfolio.Services Model (0.000 + 0.000 secs).
unexpected response: 1 NO Mailbox doesn't exist: Professional.Cisco Systems.Customer eXperience (Cisco Services).Operations and Renewals.Global Business Operations.Product Management & Portfolio.SolveDirect (0.000 + 0.000 secs).
unexpected response: 1 NO Mailbox doesn't exist: Professional.Cisco Systems.Customer eXperience (Cisco Services).Operations and Renewals.Global Business Operations.Product Management & Portfolio.Starent (0.000 + 0.000 secs).
unexpected response: 1 NO Mailbox doesn't exist: Professional.Cisco Systems.Customer eXperience (Cisco Services).Operations and Renewals.Global Business Operations.Product Management & Portfolio.Tandberg (0.000 + 0.000 secs).
unexpected response: 1 NO Mailbox doesn't exist: Professional.Cisco Systems.Customer eXperience (Cisco Services).Operations and Renewals.Global Business Operations.Product Management & Portfolio.Tidal (0.000 + 0.000 secs).
unexpected response: 1 NO Mailbox doesn't exist: Professional.Cisco Systems.Customer eXperience (Cisco Services).Operations and Renewals.Global Business Operations.Product Management & Portfolio.Vital Signs (0.000 + 0.000 secs).
unexpected response: 1 NO Mailbox doesn't exist: Professional.Cisco Systems.Customer eXperience (Cisco Services).Operations and Renewals.Global Business Operations.Product Management & Portfolio.WebEx (0.000 + 0.000 secs).
unexpected response: 1 NO Mailbox doesn't exist: Professional.Cisco Systems.Customer eXperience (Cisco Services).Operations and Renewals.Global Business Operations.Team Stuff (0.000 + 0.000 secs).
unexpected response: 1 NO Mailbox doesn't exist: Professional.Cisco Systems.Customer eXperience (Cisco Services).Operations and Renewals.Global Business Operations.Team Stuff.Business Continuity Plan (0.000 + 0.000 secs).
unexpected response: 1 NO Mailbox doesn't exist: Professional.Cisco Systems.Customer eXperience (Cisco Services).Operations and Renewals.Global Business Operations.Team Stuff.Business Review (0.000 + 0.000 secs).
unexpected response: 1 NO Mailbox doesn't exist: Professional.Cisco Systems.Customer eXperience (Cisco Services).Operations and Renewals.Global Business Operations.Team Stuff.Business Review.Ops Review (0.000 + 0.000 secs).
unexpected response: 1 NO Mailbox doesn't exist: Professional.Cisco Systems.Customer eXperience (Cisco Services).Operations and Renewals.Global Business Operations.Team Stuff.Business Review.Quarterly Business Review (0.000 + 0.000 secs).
unexpected response: 1 NO Mailbox doesn't exist: Professional.Cisco Systems.Customer eXperience (Cisco Services).Operations and Renewals.Global Business Operations.Team Stuff.Cisco International (0.000 + 0.000 secs).
unexpected response: 1 NO Mailbox doesn't exist: Professional.Cisco Systems.Customer eXperience (Cisco Services).Operations and Renewals.Global Business Operations.Team Stuff.Cust Sat (0.000 + 0.000 secs).
unexpected response: 1 NO Mailbox doesn't exist: Professional.Cisco Systems.Customer eXperience (Cisco Services).Operations and Renewals.Global Business Operations.Team Stuff.Dashboards & Scorecards (0.000 + 0.000 secs).
unexpected response: 1 NO Mailbox doesn't exist: Professional.Cisco Systems.Customer eXperience (Cisco Services).Operations and Renewals.Global Business Operations.Team Stuff.Dashboards & Scorecards.Customer (0.000 + 0.000 secs).
unexpected response: 1 NO Mailbox doesn't exist: Professional.Cisco Systems.Customer eXperience (Cisco Services).Operations and Renewals.Global Business Operations.Team Stuff.Dashboards & Scorecards.Executive Dashboard (0.000 + 0.000 secs).
unexpected response: 1 NO Mailbox doesn't exist: Professional.Cisco Systems.Customer eXperience (Cisco Services).Operations and Renewals.Global Business Operations.Team Stuff.Dashboards & Scorecards.Install Base (0.000 + 0.000 secs).
unexpected response: 1 NO Mailbox doesn't exist: Professional.Cisco Systems.Customer eXperience (Cisco Services).Operations and Renewals.Global Business Operations.Team Stuff.Dashboards & Scorecards.MBOs (0.000 + 0.000 secs).
unexpected response: 1 NO Mailbox doesn't exist: Professional.Cisco Systems.Customer eXperience (Cisco Services).Operations and Renewals.Global Business Operations.Team Stuff.Dashboards & Scorecards.Metrics (0.000 + 0.000 secs).
unexpected response: 1 NO Mailbox doesn't exist: Professional.Cisco Systems.Customer eXperience (Cisco Services).Operations and Renewals.Global Business Operations.Team Stuff.Dashboards & Scorecards.One Account View (0.000 + 0.000 secs).
unexpected response: 1 NO Mailbox doesn't exist: Professional.Cisco Systems.Customer eXperience (Cisco Services).Operations and Renewals.Global Business Operations.Team Stuff.Dashboards & Scorecards.Reporting (0.000 + 0.000 secs).
unexpected response: 1 NO Mailbox doesn't exist: Professional.Cisco Systems.Customer eXperience (Cisco Services).Operations and Renewals.Global Business Operations.Team Stuff.Dashboards & Scorecards.SCI - SPI (0.000 + 0.000 secs).
unexpected response: 1 NO Mailbox doesn't exist: Professional.Cisco Systems.Customer eXperience (Cisco Services).Operations and Renewals.Global Business Operations.Team Stuff.Global Deal Hub (0.000 + 0.000 secs).
unexpected response: 1 NO Mailbox doesn't exist: Professional.Cisco Systems.Customer eXperience (Cisco Services).Operations and Renewals.Global Business Operations.Team Stuff.Hierarchies (0.000 + 0.000 secs).
unexpected response: 1 NO Mailbox doesn't exist: Professional.Cisco Systems.Customer eXperience (Cisco Services).Operations and Renewals.Global Business Operations.Team Stuff.Hierarchies.FY14 finances (0.000 + 0.000 secs).
unexpected response: 1 NO Mailbox doesn't exist: Professional.Cisco Systems.Customer eXperience (Cisco Services).Operations and Renewals.Global Business Operations.Team Stuff.Hierarchies.FY14 people (0.000 + 0.000 secs).
unexpected response: 1 NO Mailbox doesn't exist: Professional.Cisco Systems.Customer eXperience (Cisco Services).Operations and Renewals.Global Business Operations.Team Stuff.Hierarchies.FY15 hierarchies (0.000 + 0.000 secs).
unexpected response: 1 NO Mailbox doesn't exist: Professional.Cisco Systems.Customer eXperience (Cisco Services).Operations and Renewals.Global Business Operations.Team Stuff.Hierarchies.FY16 hierarchies (0.000 + 0.000 secs).
unexpected response: 1 NO Mailbox doesn't exist: Professional.Cisco Systems.Customer eXperience (Cisco Services).Operations and Renewals.Global Business Operations.Team Stuff.Hierarchies.FY17 hierarchies (0.000 + 0.000 secs).
unexpected response: 1 NO Mailbox doesn't exist: Professional.Cisco Systems.Customer eXperience (Cisco Services).Operations and Renewals.Global Business Operations.Team Stuff.Hierarchies.FY18 hierarchies (0.000 + 0.000 secs).
unexpected response: 1 NO Mailbox doesn't exist: Professional.Cisco Systems.Customer eXperience (Cisco Services).Operations and Renewals.Global Business Operations.Team Stuff.ISO (0.000 + 0.000 secs).
unexpected response: 1 NO Mailbox doesn't exist: Professional.Cisco Systems.Customer eXperience (Cisco Services).Operations and Renewals.Global Business Operations.Team Stuff.Organization (0.000 + 0.000 secs).
unexpected response: 1 NO Mailbox doesn't exist: Professional.Cisco Systems.Customer eXperience (Cisco Services).Operations and Renewals.Global Business Operations.Team Stuff.P&L challenges (0.000 + 0.000 secs).
unexpected response: 1 NO Mailbox doesn't exist: Professional.Cisco Systems.Customer eXperience (Cisco Services).Operations and Renewals.Global Business Operations.Team Stuff.P&L challenges.Cisco AS Optimization (0.000 + 0.000 secs).
unexpected response: 1 NO Mailbox doesn't exist: Professional.Cisco Systems.Customer eXperience (Cisco Services).Operations and Renewals.Global Business Operations.Team Stuff.P&L challenges.Contracted Services Q2'18 (0.000 + 0.000 secs).
unexpected response: 1 NO Mailbox doesn't exist: Professional.Cisco Systems.Customer eXperience (Cisco Services).Operations and Renewals.Global Business Operations.Team Stuff.P&L challenges.Cost saving actions (0.000 + 0.000 secs).
unexpected response: 1 NO Mailbox doesn't exist: Professional.Cisco Systems.Customer eXperience (Cisco Services).Operations and Renewals.Global Business Operations.Team Stuff.P&L challenges.Deloitte support team (0.000 + 0.000 secs).
unexpected response: 1 NO Mailbox doesn't exist: Professional.Cisco Systems.Customer eXperience (Cisco Services).Operations and Renewals.Global Business Operations.Team Stuff.P&L challenges.H2FY15 (0.000 + 0.000 secs).
unexpected response: 1 NO Mailbox doesn't exist: Professional.Cisco Systems.Customer eXperience (Cisco Services).Operations and Renewals.Global Business Operations.Team Stuff.P&L challenges.H2FY16 (0.000 + 0.000 secs).
unexpected response: 1 NO Mailbox doesn't exist: Professional.Cisco Systems.Customer eXperience (Cisco Services).Operations and Renewals.Global Business Operations.Team Stuff.P&L challenges.IoE moves (0.000 + 0.000 secs).
unexpected response: 1 NO Mailbox doesn't exist: Professional.Cisco Systems.Customer eXperience (Cisco Services).Operations and Renewals.Global Business Operations.Team Stuff.P&L challenges.Limited Restructuring (0.000 + 0.000 secs).
unexpected response: 1 NO Mailbox doesn't exist: Professional.Cisco Systems.Customer eXperience (Cisco Services).Operations and Renewals.Global Business Operations.Team Stuff.P&L challenges.Practices allocation (0.001 + 0.000 secs).
unexpected response: 1 NO Mailbox doesn't exist: Professional.Cisco Systems.Customer eXperience (Cisco Services).Operations and Renewals.Global Business Operations.Team Stuff.P&L challenges.Q1FY16 (0.000 + 0.000 secs).
unexpected response: 1 NO Mailbox doesn't exist: Professional.Cisco Systems.Customer eXperience (Cisco Services).Operations and Renewals.Global Business Operations.Team Stuff.P&L challenges.RB reduction (0.000 + 0.000 secs).
unexpected response: 1 NO Mailbox doesn't exist: Professional.Cisco Systems.Customer eXperience (Cisco Services).Operations and Renewals.Global Business Operations.Team Stuff.P&L challenges.Red To Blue Conversion (0.000 + 0.000 secs).
unexpected response: 1 NO Mailbox doesn't exist: Professional.Cisco Systems.Customer eXperience (Cisco Services).Operations and Renewals.Global Business Operations.Team Stuff.P&L challenges.Reqs (0.000 + 0.000 secs).
unexpected response: 1 NO Mailbox doesn't exist: Professional.Cisco Systems.Customer eXperience (Cisco Services).Operations and Renewals.Global Business Operations.Team Stuff.P&L challenges.Revenue war room Q2FY17 (0.000 + 0.000 secs).
unexpected response: 1 NO Mailbox doesn't exist: Professional.Cisco Systems.Customer eXperience (Cisco Services).Operations and Renewals.Global Business Operations.Team Stuff.P&L challenges.Revenue war room Q3'17 (0.000 + 0.000 secs).
unexpected response: 1 NO Mailbox doesn't exist: Professional.Cisco Systems.Customer eXperience (Cisco Services).Operations and Renewals.Global Business Operations.Team Stuff.P&L challenges.Revenue war room Q4'17 (0.000 + 0.000 secs).
unexpected response: 1 NO Mailbox doesn't exist: Professional.Cisco Systems.Customer eXperience (Cisco Services).Operations and Renewals.Global Business Operations.Team Stuff.P&L challenges.SCOGS & residuals (0.000 + 0.000 secs).
unexpected response: 1 NO Mailbox doesn't exist: Professional.Cisco Systems.Customer eXperience (Cisco Services).Operations and Renewals.Global Business Operations.Team Stuff.P&L challenges.Spending Freeze (0.000 + 0.000 secs).
unexpected response: 1 NO Mailbox doesn't exist: Professional.Cisco Systems.Customer eXperience (Cisco Services).Operations and Renewals.Global Business Operations.Team Stuff.P&L challenges.id8 (0.000 + 0.000 secs).
unexpected response: 1 NO Mailbox doesn't exist: Professional.Cisco Systems.Customer eXperience (Cisco Services).Operations and Renewals.Global Business Operations.Team Stuff.Tools (0.000 + 0.000 secs).
unexpected response: 1 NO Mailbox doesn't exist: Professional.Cisco Systems.Customer eXperience (Cisco Services).Operations and Renewals.Global Business Operations.Team Stuff.Tools.Delivery Collaboration Portal (0.000 + 0.000 secs).
unexpected response: 1 NO Mailbox doesn't exist: Professional.Cisco Systems.Customer eXperience (Cisco Services).Operations and Renewals.Global Business Operations.Team Stuff.Tools.Oracle Project (0.000 + 0.000 secs).
unexpected response: 1 NO Mailbox doesn't exist: Professional.Cisco Systems.Customer eXperience (Cisco Services).Operations and Renewals.Global Business Operations.Transformation and Planning (0.000 + 0.000 secs).
unexpected response: 1 NO Mailbox doesn't exist: Professional.Cisco Systems.Customer eXperience (Cisco Services).Operations and Renewals.Global Business Operations.Transformation and Planning.Budget Management.Sales Strategy.Business Development (0.000 + 0.000 secs).
unexpected response: 1 NO Mailbox doesn't exist: Professional.Cisco Systems.Customer eXperience (Cisco Services).Operations and Renewals.Global Business Operations.Transformation and Planning.Budget Management.Sales Strategy.Business Development.Governance (0.000 + 0.000 secs).
unexpected response: 1 NO Mailbox doesn't exist: Professional.Cisco Systems.Customer eXperience (Cisco Services).Operations and Renewals.Global Business Operations.Transformation and Planning.Budget Management.Sales Strategy.Business Development.Governance.Affordability (0.000 + 0.000 secs).
unexpected response: 1 NO Mailbox doesn't exist: Professional.Cisco Systems.Customer eXperience (Cisco Services).Operations and Renewals.Global Business Operations.Transformation and Planning.Budget Management.Sales Strategy.Business Development.Methodology & Process (0.000 + 0.000 secs).
unexpected response: 1 NO Mailbox doesn't exist: Professional.Cisco Systems.Customer eXperience (Cisco Services).Operations and Renewals.Global Business Operations.Transformation and Planning.Budget Management.Sales Strategy.Business Development.Methodology & Process.AS-T Tracker (0.000 + 0.000 secs).
unexpected response: 1 NO Mailbox doesn't exist: Professional.Cisco Systems.Customer eXperience (Cisco Services).Operations and Renewals.Global Business Operations.Transformation and Planning.Budget Management.Sales Strategy.Business Development.Methodology & Process.AScend (0.000 + 0.000 secs).
unexpected response: 1 NO Mailbox doesn't exist: Professional.Cisco Systems.Customer eXperience (Cisco Services).Operations and Renewals.Global Business Operations.Transformation and Planning.Budget Management.Sales Strategy.Business Development.Methodology & Process.ASis (0.000 + 0.000 secs).
unexpected response: 1 NO Mailbox doesn't exist: Professional.Cisco Systems.Customer eXperience (Cisco Services).Operations and Renewals.Global Business Operations.Transformation and Planning.Budget Management.Sales Strategy.Business Development.Methodology & Process.ASopt (0.000 + 0.000 secs).
unexpected response: 1 NO Mailbox doesn't exist: Professional.Cisco Systems.Customer eXperience (Cisco Services).Operations and Renewals.Global Business Operations.Transformation and Planning.Budget Management.Sales Strategy.Business Development.Methodology & Process.Engagement Process (0.000 + 0.000 secs).
unexpected response: 1 NO Mailbox doesn't exist: Professional.Cisco Systems.Customer eXperience (Cisco Services).Operations and Renewals.Global Business Operations.Transformation and Planning.Budget Management.Sales Strategy.Business Development.Methodology & Process.Engagement Process.2 Tier (0.000 + 0.000 secs).
unexpected response: 1 NO Mailbox doesn't exist: Professional.Cisco Systems.Customer eXperience (Cisco Services).Operations and Renewals.Global Business Operations.Transformation and Planning.Budget Management.Sales Strategy.Business Development.Methodology & Process.GET (0.000 + 0.000 secs).
unexpected response: 1 NO Mailbox doesn't exist: Professional.Cisco Systems.Customer eXperience (Cisco Services).Operations and Renewals.Global Business Operations.Transformation and Planning.Budget Management.Sales Strategy.Business Development.Methodology & Process.Kaizen2 (0.000 + 0.000 secs).
unexpected response: 1 NO Mailbox doesn't exist: Professional.Cisco Systems.Customer eXperience (Cisco Services).Operations and Renewals.Global Business Operations.Transformation and Planning.Budget Management.Sales Strategy.Business Development.Methodology & Process.SPIFF (0.000 + 0.000 secs).
unexpected response: 1 NO Mailbox doesn't exist: Professional.Cisco Systems.Customer eXperience (Cisco Services).Operations and Renewals.Global Business Operations.Transformation and Planning.Budget Management.Sales Strategy.Pricing & Tools (0.000 + 0.000 secs).
unexpected response: 1 NO Mailbox doesn't exist: Professional.Cisco Systems.Customer eXperience (Cisco Services).Operations and Renewals.Global Business Operations.Transformation and Planning.Budget Management.Sales Strategy.Pricing & Tools.Pricing Tools (0.000 + 0.000 secs).
unexpected response: 1 NO Mailbox doesn't exist: Professional.Cisco Systems.Customer eXperience (Cisco Services).Transformation Office (0.000 + 0.000 secs).
unexpected response: 1 NO Mailbox doesn't exist: Professional.Cisco Systems.Customer eXperience (Cisco Services).Transformation Office.AS Hierarchies Simplification (0.000 + 0.000 secs).
unexpected response: 1 NO Mailbox doesn't exist: Professional.Cisco Systems.Customer eXperience (Cisco Services).Transformation Office.AS Hierarchies Simplification.Offers - Architectures (0.000 + 0.000 secs).
unexpected response: 1 NO Mailbox doesn't exist: Professional.Cisco Systems.Customer eXperience (Cisco Services).Transformation Office.AS Hierarchies Simplification.P&L and Financial Hierarchy (0.000 + 0.000 secs).
unexpected response: 1 NO Mailbox doesn't exist: Professional.Cisco Systems.Customer eXperience (Cisco Services).Transformation Office.AS Hierarchies Simplification.P&L and Financial Hierarchy.reporting (0.000 + 0.000 secs).
unexpected response: 1 NO Mailbox doesn't exist: Professional.Cisco Systems.Customer eXperience (Cisco Services).Transformation Office.AS Organization (0.000 + 0.000 secs).
unexpected response: 1 NO Mailbox doesn't exist: Professional.Cisco Systems.Customer eXperience (Cisco Services).Transformation Office.AS Organization.AMER L2 (0.000 + 0.000 secs).
unexpected response: 1 NO Mailbox doesn't exist: Professional.Cisco Systems.Customer eXperience (Cisco Services).Transformation Office.AS Organization.CGEM accounts (0.000 + 0.000 secs).
unexpected response: 1 NO Mailbox doesn't exist: Professional.Cisco Systems.Customer eXperience (Cisco Services).Transformation Office.AS Organization.Delivery Integration (0.000 + 0.000 secs).
unexpected response: 1 NO Mailbox doesn't exist: Professional.Cisco Systems.Customer eXperience (Cisco Services).Transformation Office.AS Organization.Overhead (0.000 + 0.000 secs).
unexpected response: 1 NO Mailbox doesn't exist: Professional.Cisco Systems.Customer eXperience (Cisco Services).Transformation Office.AS Organization.Partner Management (0.000 + 0.000 secs).
unexpected response: 1 NO Mailbox doesn't exist: Professional.Cisco Systems.Customer eXperience (Cisco Services).Transformation Office.AS Organization.Services Management (0.000 + 0.000 secs).
unexpected response: 1 NO Mailbox doesn't exist: Professional.Cisco Systems.Customer eXperience (Cisco Services).Transformation Office.Ease of Selling (0.000 + 0.000 secs).
unexpected response: 1 NO Mailbox doesn't exist: Professional.Cisco Systems.Customer eXperience (Cisco Services).Transformation Office.Renewals (0.000 + 0.000 secs).
unexpected response: 1 NO Mailbox doesn't exist: Professional.Cisco Systems.Customer eXperience (Cisco Services).Transformation Office.Services One (FF-PSA) (0.000 + 0.000 secs).
unexpected response: 1 NO Mailbox doesn't exist: Professional.Archives.Archive 2003.Cisco Systems.Customer Advocacy.Advanced Services.WW Technology Practices.EMEA Practices.SES Managers.Voice.People.Old (0.000 + 0.000 secs).
unexpected response: 1 NO Mailbox doesn't exist: Professional.Archives.Archive 2003.Cisco Systems.Customer Advocacy.Advanced Services.WW Technology Practices.EMEA Practices.SES Managers.Voice.People.Old (0.000 + 0.000 secs).
unexpected response: 1 NO Mailbox doesn't exist: Professional.Archives.Archive 2003.Cisco Systems.Customer Advocacy.Advanced Services.WW Technology Practices.EMEA Practices.SES Managers.Voice.People.Old (0.000 + 0.000 secs).
Caught a SIGINT signal, shutting down
unexpected response: 1 NO Mailbox doesn't exist: Professional.Archives.Archive 2003.Cisco Systems.Customer Advocacy.Advanced Services.WW Technology Practices.EMEA Practices.SES Managers.Voice.People.Old (0.000 + 0.000 secs).
unexpected response: 1 NO Mailbox doesn't exist: Professional.Archives.Archive 2003.Cisco Systems.Customer Advocacy.Advanced Services.WW Technology Practices.EMEA Practices.SES Managers.Voice.People.Old (0.000 + 0.000 secs).
unexpected response: 1 NO Mailbox doesn't exist: Professional.Archives.Archive 2003.Cisco Systems.Customer Advocacy.Advanced Services.WW Technology Practices.EMEA Practices.SES Managers.Voice.People.Old (0.000 + 0.000 secs).
unexpected response: 1 NO Mailbox doesn't exist: Professional.Archives.Archive 2003.Cisco Systems.Customer Advocacy.Advanced Services.WW Technology Practices.EMEA Practices.SES Managers.Voice.People.Old (0.000 + 0.000 secs).
unexpected response: 1 NO Mailbox doesn't exist: Professional.Archives.Archive 2003.Cisco Systems.Customer Advocacy.Advanced Services.WW Technology Practices.EMEA Practices.SES Managers.Voice.People.Old (0.000 + 0.000 secs).
unexpected response: 1 NO Mailbox doesn't exist: Professional.Archives.Archive 2003.Cisco Systems.Customer Advocacy.Advanced Services.WW Technology Practices.EMEA Practices.SES Managers.Voice.People.Old (0.000 + 0.000 secs).
Caught a SIGINT signal, shutting down
Caught a SIGINT signal, shutting down
unexpected response: 1 NO Mailbox doesn't exist: Professional.Archives.Archive 2003.Cisco Systems.Customer Advocacy.Advanced Services.WW Technology Practices.EMEA Practices.SES Managers.Voice.People.Old (0.000 + 0.000 secs).
unexpected response: 1 NO Mailbox doesn't exist: Professional.Archives.Archive 2003.Cisco Systems.Customer Advocacy.Advanced Services.WW Technology Practices.EMEA Practices.SES Managers.Voice.People.Old (0.000 + 0.000 secs).
Caught a SIGINT signal, shutting down
Caught a SIGINT signal, shutting down
Error connecting to 192.168.40.2:143: IO::Socket::INET: connect: Operation timed out
Error connecting to 192.168.40.2:143: IO::Socket::INET: connect: Operation timed out
unexpected response: 1 NO Mailbox doesn't exist: Professional.Archives.Archive 2003.Cisco Systems.Customer Advocacy.Advanced Services.WW Technology Practices.EMEA Practices.SES Managers.Voice.People.Old (0.000 + 0.000 secs).
unexpected response: 1 NO Mailbox doesn't exist: Professional.Archives.Archive 2003.Cisco Systems.Customer Advocacy.Advanced Services.WW Technology Practices.EMEA Practices.SES Managers.Voice.People.Old (0.000 + 0.000 secs).
unexpected response: 1 NO Mailbox doesn't exist: Professional.Archives.Archive 2003.Cisco Systems.Customer Advocacy.Advanced Services.WW Technology Practices.EMEA Practices.SES Managers.Voice.People.Old (0.000 + 0.000 secs).
unexpected response: 1 NO Mailbox doesn't exist: Professional.Archives.Archive 2003.Cisco Systems.Customer Advocacy.Advanced Services.WW Technology Practices.EMEA Practices.SES Managers.Voice.People.Old (0.000 + 0.000 secs).
unexpected response: 1 NO Mailbox doesn't exist: Professional.Archives.Archive 2003.Cisco Systems.Customer Advocacy.Advanced Services.WW Technology Practices.EMEA Practices.SES Managers.Voice.People.Old (0.000 + 0.000 secs).
unexpected response: 1 NO Mailbox doesn't exist: Professional.Archives.Archive 2003.Cisco Systems.Customer Advocacy.Advanced Services.WW Technology Practices.EMEA Practices.SES Managers.Voice.People.Old (0.000 + 0.000 secs).
unexpected response: 1 NO Mailbox doesn't exist: Professional.Archives.Archive 2003.Cisco Systems.Customer Advocacy.Advanced Services.WW Technology Practices.EMEA Practices.SES Managers.Voice.People.Old (0.000 + 0.000 secs).
unexpected response: 1 NO Mailbox doesn't exist: Professional.Archives.Archive 2003.Cisco Systems.Customer Advocacy.Advanced Services.WW Technology Practices.EMEA Practices.SES Managers.Voice.People.Old (0.000 + 0.000 secs).
Caught a SIGINT signal, shutting down
unexpected response: 1 NO Mailbox doesn't exist: Professional.Archives.Archive 2003.Cisco Systems.Customer Advocacy.Advanced Services.WW Technology Practices.EMEA Practices.SES Managers.Voice.People.Old (0.000 + 0.000 secs).
unexpected response: 1 NO Mailbox doesn't exist: Professional.Archives.Archive 2003.Cisco Systems.Customer Advocacy.Advanced Services.WW Technology Practices.EMEA Practices.SES Managers.Voice.People.Old (0.000 + 0.000 secs).
unexpected response: 1 NO Mailbox doesn't exist: Professional.Archives.Archive 2003.Cisco Systems.Customer Advocacy.Advanced Services.WW Technology Practices.EMEA Practices.SES Managers.Voice.People.Old (0.000 + 0.000 secs).
